1544892688679	mozrunner::runner	INFO	Running command: "C:\\Program Files\\Firefox Developer Edition\\firefox.exe" "-marionette" "-foreground" "-no-remote" "-profile" "C:\\Users\\GENTLE~1\\AppData\\Local\\Temp\\rust_mozprofile.8nYoVvekBZMh"
1544892689818	addons.webextension.screenshots@mozilla.org	WARN	Loading extension 'screenshots@mozilla.org': Reading manifest: Invalid host permission: resource://pdf.js/
1544892689819	addons.webextension.screenshots@mozilla.org	WARN	Loading extension 'screenshots@mozilla.org': Reading manifest: Invalid host permission: about:reader*
WARN: compileToBinary(235): 
C:\fakepath(196,14-129): warning X3571: pow(f, e) will not work for negative f, use abs(f) or conditionally handle negative values if you expect them
C:\fakepath(202,58-112): warning X3571: pow(f, e) will not work for negative f, use abs(f) or conditionally handle negative values if you expect them

1544892693842	Marionette	INFO	Listening on port 50381
1544892694103	Marionette	WARN	TLS certificate errors will be ignored for this session
console.error: BroadcastService: 
  receivedBroadcastMessage: handler for
  remote-settings/monitor_changes
  threw error:
  Message: Error: Polling for changes failed: NetworkError when attempting to fetch resource..
  Stack:
    remoteSettingsFunction/remoteSettings.pollChanges@resource://services-settings/remote-settings.js:188:13

JavaScript warning: https://www.googletagmanager.com/gtag/js?id=UA-120910110-1, line 87: unreachable code after return statement
JavaScript warning: https://www.googletagmanager.com/gtag/js?id=UA-120910110-1, line 147: unreachable code after return statement
JavaScript warning: https://www.googletagmanager.com/gtag/js?id=UA-120910110-1, line 147: unreachable code after return statement
JavaScript warning: https://www.googletagmanager.com/gtag/js?id=UA-120910110-1, line 147: unreachable code after return statement
JavaScript warning: https://www.googletagmanager.com/gtag/js?id=UA-120910110-1, line 87: unreachable code after return statement
JavaScript warning: https://www.googletagmanager.com/gtag/js?id=UA-120910110-1, line 147: unreachable code after return statement
[Parent 3128, Gecko_IOThread] WARNING: pipe error: 109: file z:/build/build/src/ipc/chromium/src/chrome/common/ipc_channel_win.cc, line 327
[Child 12080, Chrome_ChildThread] WARNING: pipe error: 109: file z:/build/build/src/ipc/chromium/src/chrome/common/ipc_channel_win.cc, line 327
[Child 12080, Chrome_ChildThread] WARNING: pipe error: 109: file z:/build/build/src/ipc/chromium/src/chrome/common/ipc_channel_win.cc, line 327
[Parent 3128, Gecko_IOThread] WARNING: pipe error: 109: file z:/build/build/src/ipc/chromium/src/chrome/common/ipc_channel_win.cc, line 327

###!!! [Child][MessageChannel] Error: (msgtype=0x5F0029,name=PNecko::Msg_RemoveRequestContext) Channel closing: too late to send/recv, messages will be lost

[Child 1700, Chrome_ChildThread] WARNING: pipe error: 109: file z:/build/build/src/ipc/chromium/src/chrome/common/ipc_channel_win.cc, line 327
[Parent 3128, Gecko_IOThread] WARNING: pipe error: 109: file z:/build/build/src/ipc/chromium/src/chrome/common/ipc_channel_win.cc, line 327
[Child 15636, Chrome_ChildThread] WARNING: pipe error: 109: file z:/build/build/src/ipc/chromium/src/chrome/common/ipc_channel_win.cc, line 327
[Ch1544895543467	Marionette	INFO	Stopped listening on port 50381

###!!! [Child][MessageChannel::SendAndWait] Error: Channel error: cannot send/recv

571: pow(f, e) will not work for negative f, use abs(f) or conditionally handle negative values if you expect them
C:\fakepath(202,58-112): warning X3571: pow(f, e) will not work for negative f, use abs(f) or conditionally handle negative values if you expect them

1544894556346	Marionette	INFO	Listening on port 50771
1544894556842	Marionette	WARN	TLS certificate errors will be ignored for this session
[Parent 2784, Gecko_IOThread] WARNING: pipe error: 109: file z:/build/build/src/ipc/chromium/src/chrome/common/ipc_channel_win.cc, line 327
[Child 12060, Chrome_ChildThread] WARNING: pipe error: 109: file z:/build/build/src/ipc/chromium/src/chrome/common/ipc_channel_win.cc, line 327[Child 13
120, Chrome_ChildThread] WARN[Child 120ING: pipe error: 109: file z:/build/build/src/ipc/chromium/src/chrome/common/ipc_channel_win.cc, line 327
[Child 1[Parent 2784, Gecko_IOThread] WARNING: pipe error: 109: file z:/build/build/src/ipc/chromium/src/chrome/common/ipc_channel_win.cc, line 327
[Child 9104, Chrome_ChildThread] WARNING: pipe error: 109: file z:/build/build/src/ipc/chromium/src/chrome/common/ipc_channel_win.cc, line 327
[Child 9101544894563550	Marionette	INFO	Stopped listening on port 50771

###!!! [Child][RunMessage] Error: Channel closing: too late to send/recv, messages will be lost

[GPU 12496
###!!! [Child][MessageChannel::SendAndWait] Error: Channel error: cannot send/recv

1544895162985	mozrunner::runner	INFO	Running command: "C:\\Program Files\\Firefox Developer Edition\\firefox.exe" "-marionette" "-foreground" "-no-remote" "-profile" "C:\\Users\\GENTLE~1\\AppData\\Local\\Temp\\rust_mozprofile.JnFEic5NRuBy"
1544895163584	addons.webextension.screenshots@mozilla.org	WARN	Loading extension 'screenshots@mozilla.org': Reading manifest: Invalid host permission: resource://pdf.js/
1544895163584	addons.webextension.screenshots@mozilla.org	WARN	Loading extension 'screenshots@mozilla.org': Reading manifest: Invalid host permission: about:reader*
WARN: compileToBinary(235): 
C:\fakepath(196,14-129): warning X3571: pow(f, e) will not work for negative f, use abs(f) or conditionally handle negative values if you expect them
C:\fakepath(202,58-112): warning X3571: pow(f, e) will not work for negative f, use abs(f) or conditionally handle negative values if you expect them

[Child 12300, Chrome_ChildThread] WARNING: pipe error: 109: file z:/build/build/src/ipc/chromium/src/chrome/common/ipc_channel_win.cc, line 327
[Child 12300, Chrome_1544895166698	Marionette	INFO	Listening on port 50889
1544895166808	Marionette	WARN	TLS certificate errors will be ignored for this session
1544895167312	Marionette	INFO	Stopped listening on port 50889
[Child 16372, Chrome_ChildThread] WARNING: pipe error: 109: file z:/build/buil[dChild 9908, Chrome_ChildThread] WARNING: pipe error: 109: file z://build/build/src/ipc/chromiusrc/ipc/chromium/src/chrome/common/ipc_channel_win.cc, line 327m/src/chrome/common/ipc_channel_win.cc, line 327

[Child 16372, Chrome_ChildThrea[Child 9908, Chrome_ChildThread] WARNING: pipe er[Parent 1484, Gecko_IOThread] WARNING: pipe error: 109: file z:/build/build/src/ipc/chromium/src/chrome/common/ipc_channel_win.cc, line 327
[Child 5740, Chrome_ChildThread] WARNING: pipe error: 109: file z:/build/build/src/ipc/chromium/src/chrome/common/ipc_channel_win.cc, line 327
[Child 57
###!!! [Child][RunMessage] Error: Channel closing: too late to send/recv, messages will be lost

[GPU 7344
###!!! [Child][MessageChannel::SendAndWait] Error: Channel error: cannot send/recv

1544910492147	mozrunner::runner	INFO	Running command: "C:\\Program Files\\Firefox Developer Edition\\firefox.exe" "-marionette" "-foreground" "-no-remote" "-profile" "C:\\Users\\GENTLE~1\\AppData\\Local\\Temp\\rust_mozprofile.hgBtGYTkrUFi"
1544910493250	addons.webextension.screenshots@mozilla.org	WARN	Loading extension 'screenshots@mozilla.org': Reading manifest: Invalid host permission: resource://pdf.js/
1544910493250	addons.webextension.screenshots@mozilla.org	WARN	Loading extension 'screenshots@mozilla.org': Reading manifest: Invalid host permission: about:reader*
WARN: compileToBinary(235): 
C:\fakepath(196,14-129): warning X3571: pow(f, e) will not work for negative f, use abs(f) or conditionally handle negative values if you expect them
C:\fakepath(202,58-112): warning X3571: pow(f, e) will not work for negative f, use abs(f) or conditionally handle negative values if you expect them

1544910496395	Marionette	INFO	Listening on port 53151
1544910496480	Marionette	WARN	TLS certificate errors will be ignored for this session
1544910497148	Marionette	INFO	Stopped listening on port 53151
[Parent 4608, Gecko_IOThread] WARNING: pipe error: 109: file z:/build/build/src/ipc/chromium/src/chrome/common/ipc_channel_win.cc, line 327
[Child 3624, Chrome_ChildThread] WARNING: pipe error: 109: file z:/build/build/src/ipc/chromium/src/chrome/common/ipc_channel_win.cc, line 327
[Child 3624, Chrome_ChildThread] WARNING: pipe error: 109: file z:/build/build/src/ipc/chromium/src/chrome/common/ipc_channel_win.cc, line 327
[Parent 4608, Gecko_IOThread] WARNING: pipe error: 109: file z:/build/build/src/ipc/chromium/src/chrome/common/ipc_channel_win.cc, line 327
[Child 6668, Chrome_ChildThread] WARNING: pipe error: 109: file z:/build/build/src/ipc/chromium/src/chrome/common/ipc_channel_win.cc, line 327
[Child 666
###!!! [Child][RunMessage] Error: Channel closing: too late to send/recv, messages will be lost

[GPU 6356
###!!! [Child][MessageChannel::SendAndWait] Error: Channel error: cannot send/recv

1544982358583	mozrunner::runner	INFO	Running command: "C:\\Program Files\\Firefox Developer Edition\\firefox.exe" "-marionette" "-foreground" "-no-remote" "-profile" "C:\\Users\\GENTLE~1\\AppData\\Local\\Temp\\rust_mozprofile.IDljx5ZBqSsj"
1544982359573	addons.webextension.screenshots@mozilla.org	WARN	Loading extension 'screenshots@mozilla.org': Reading manifest: Invalid host permission: resource://pdf.js/
1544982359573	addons.webextension.screenshots@mozilla.org	WARN	Loading extension 'screenshots@mozilla.org': Reading manifest: Invalid host permission: about:reader*
WARN: compileToBinary(235): 
C:\fakepath(196,14-129): warning X3571: pow(f, e) will not work for negative f, use abs(f) or conditionally handle negative values if you expect them
C:\fakepath(202,58-112): warning X3571: pow(f, e) will not work for negative f, use abs(f) or conditionally handle negative values if you expect them

1544982363063	Marionette	INFO	Listening on port 61384
1544982363529	Marionette	WARN	TLS certificate errors will be ignored for this session
1544982364199	Marionette	INFO	Stopped listening on port 61384
[Parent 18144, Gecko_IOThread] WARNING: pipe error: 109: file z:/build/build/src/ipc/chromium/src/chrome/common/ipc_channel_win.cc, line 327
[Child 11740, Chrome_ChildThread] WARNING: pipe error: 109: file z:/build/build/src/ipc/chromium/src/chrome/common/ipc_channel_win.cc, line 327[Child 17136, Chrome_ChildThread] WARN
ING: pipe [Child 11740, Chrome_ChildThread] WARNING: pipe errorerror: 109: file z:/build/build/src/ipc/chromium/src/chrome/common/ipc_channel_win.cc, line 327
[Child 17136, Chrome_ChildThread] WARNING: pipe error: 109: file z:/build/build/src/ipc/chromium/src/chrome/common/ipc_channel_win.cc, line 327
[Child 17664, Chrome_ChildThread] WARNING: pipe error: 109: file z:/build/build/src/ipc/chromium/src/chrome/common/ipc_channel_win.cc, line 327
[Child 17664,
###!!! [Child][RunMessage] Error: Channel closing: too late to send/recv, messages will be lost

[GPU 
###!!! [Child][MessageChannel::SendAndWait] Error: Channel error: cannot send/recv

1545007834317	mozrunner::runner	INFO	Running command: "C:\\Program Files\\Firefox Developer Edition\\firefox.exe" "-marionette" "-foreground" "-no-remote" "-profile" "C:\\Users\\GENTLE~1\\AppData\\Local\\Temp\\rust_mozprofile.RRn6oUcpDCev"
1545007835404	addons.webextension.screenshots@mozilla.org	WARN	Loading extension 'screenshots@mozilla.org': Reading manifest: Invalid host permission: resource://pdf.js/
1545007835405	addons.webextension.screenshots@mozilla.org	WARN	Loading extension 'screenshots@mozilla.org': Reading manifest: Invalid host permission: about:reader*
WARN: compileToBinary(235): 
C:\fakepath(196,14-129): warning X3571: pow(f, e) will not work for negative f, use abs(f) or conditionally handle negative values if you expect them
C:\fakepath(202,58-112): warning X3571: pow(f, e) will not work for negative f, use abs(f) or conditionally handle negative values if you expect them

1545007838652	Marionette	INFO	Listening on port 51132
1545007838761	Marionette	WARN	TLS certificate errors will be ignored for this session
1545007840204	Marionette	INFO	Stopped listening on port 51132
[Parent 9864, Gecko_IOThread] WARNING: pipe error: 109: file z:/build/build/src/ipc/chromium/src/chrome/common/ipc_channel_win.cc, line 327
[Parent 9864, Gecko_IOThread] WARNING: pipe error: 109: file z:/build/build/src/ipc/chromium/src/chrome/common/ipc_channel_win.cc, line 327
[Child 11104, Chrome_ChildThread] WARNING: pipe error: 109: file z:[Chi/build/build/src/ipc/chromiuld 8980, Chrome_ChildThread] WARNING: pipe error: 109: file z:/build/build/src/ipc/chromium/src/chrome/common/ipc_channel_win.cc, line 327m/src/chrome/common/ipc_channel_win.cc, line 327

[Child 8980, Chrome_ChildThread] WA[ChildR NING:11104, Chrome_CJavaScript error: jar:file:///C:/Program%20Files/Firefox%20Developer%20Edition/omni.ja!/components/nsUrlClassifierListManager.js, line 597: TypeError: this.tablesData[table] is undefined
[Parent 9864, Gecko_IOThread] WARNING: pipe error: 109: file z:/build/build/src/ipc/chromium/src/chrome/common/ipc_channel_win.cc, line 327
[Child 4820, Chrome_ChildThread] WARNING: pipe error: 109: file z:/build/build/src/ipc/chromium/src/chrome/common/ipc_channel_win.cc, line 327
[Child 4820
###!!! [Child][RunMessage] Error: Channel closing: too late to send/recv, messages will be lost

[GPU 144
###!!! [Child][MessageChannel::SendAndWait] Error: Channel error: cannot send/recv

1545008177213	mozrunner::runner	INFO	Running command: "C:\\Program Files\\Firefox Developer Edition\\firefox.exe" "-marionette" "-foreground" "-no-remote" "-profile" "C:\\Users\\GENTLE~1\\AppData\\Local\\Temp\\rust_mozprofile.PI8E9F2zZHOh"
1545008178213	addons.webextension.screenshots@mozilla.org	WARN	Loading extension 'screenshots@mozilla.org': Reading manifest: Invalid host permission: resource://pdf.js/
1545008178213	addons.webextension.screenshots@mozilla.org	WARN	Loading extension 'screenshots@mozilla.org': Reading manifest: Invalid host permission: about:reader*
WARN: compileToBinary(235): 
C:\fakepath(196,14-129): warning X3571: pow(f, e) will not work for negative f, use abs(f) or conditionally handle negative values if you expect them
C:\fakepath(202,58-112): warning X3571: pow(f, e) will not work for negative f, use abs(f) or conditionally handle negative values if you expect them

1545008181449	Marionette	INFO	Listening on port 51265
1545008181556	Marionette	WARN	TLS certificate errors will be ignored for this session
1545008183020	Marionette	INFO	Stopped listening on port 51265
JavaScript error: jar:file:///C:/Program%20Files/Firefox%20Developer%20Edition/omni.ja!/components/nsUrlClassifierListManager.js, line 597: TypeError: this.tablesData[table] is undefined
[Parent 12384, Gecko_IOThread] WARNING: pipe error: 109: file z:/build/build/src/ipc/chromium/src/chrome/common/ipc_channel_win.cc, line 327
[Parent 12384, Gecko_IOThread] WARNING: pipe error: 109: file z:/build/build/src/ipc/chromium/src/chrome/common/ipc_channel_win.cc, line 327
[Child 1308, Chrome_ChildThread] WARNING: pipe error: 109: file z:/build/build/s[Child 1552, Chrome_ChildThrrc/ipc/chromium/src/chrome/commead] WAon/ipc_channel_win.cc, line 327RNING: pipe error: 109: file z:/build/build/src/ipc/chromium/src/chrome/common/
ipc_channel_win.cc, line 327
[Child 1552, Chro
###!!! [Child][RunMessage] Error: Channel closing: too late to send/recv, messages will be lost

[GPU 3312,
###!!! [Child][MessageChannel::SendAndWait] Error: Channel error: cannot send/recv

1545008665799	mozrunner::runner	INFO	Running command: "C:\\Program Files\\Firefox Developer Edition\\firefox.exe" "-marionette" "-foreground" "-no-remote" "-profile" "C:\\Users\\GENTLE~1\\AppData\\Local\\Temp\\rust_mozprofile.a1M2eEU4IEVP"
1545008666784	addons.webextension.screenshots@mozilla.org	WARN	Loading extension 'screenshots@mozilla.org': Reading manifest: Invalid host permission: resource://pdf.js/
1545008666784	addons.webextension.screenshots@mozilla.org	WARN	Loading extension 'screenshots@mozilla.org': Reading manifest: Invalid host permission: about:reader*
WARN: compileToBinary(235): 
C:\fakepath(196,14-129): warning X3571: pow(f, e) will not work for negative f, use abs(f) or conditionally handle negative values if you expect them
C:\fakepath(202,58-112): warning X3571: pow(f, e) will not work for negative f, use abs(f) or conditionally handle negative values if you expect them

[Parent 11640, Gecko_IOThread] WARNING: pipe error: 109: file z:/build/build/src/ipc/chromium/src/chrome/common/ipc_channel_win.cc, line 327
1545008669902	Marionette	INFO	Listening on port 51448
1545008670119	Marionette	WARN	TLS certificate errors will be ignored for this session
1545008671556	Marionette	INFO	Stopped listening on port 51448
JavaScript error: jar:file:///C:/Program%20Files/Firefox%20Developer%20Edition/omni.ja!/components/nsUrlClassifierListManager.js, line 597: TypeError: this.tablesData[table] is undefined
[Parent 11640, Gecko_IOThread] WARNING: pipe error: 109: file z:/build/build/src/ipc/chromium/src/chrome/common/ipc_channel_win.cc, line 327
[Parent 11640, Gecko_IOThread] WARNING: pipe error: 109: file z:/build/build/src/ipc/chromium/src/chrome/common/ipc_channel_win.cc, line 327
[Child 13368, Chrome_ChildThread] WARNING: pipe error: 109: file z:/build/build/src/ipc/chromium/src/chrome/common/ipc_channel_win.cc, line 327
[Child 13368, Chrom[Child 12824, Chrome_ChildThread] WARNING: pipe error: e_ChildThread] WARNING: pipe error: 10109: file z:/build/build/src/ipc/chromium/src/chrome/common/ipc_channel_win.cc, line 327
[Child 12824, Chrome_Ch[Parent 11640, Gecko_IOThread] WARNING: pipe error: 109: file z:/build/build/src/ipc/chromium/src/chrome/common/ipc_channel_win.cc, line 327
[Child 8572, Chrome_ChildThread] WARNING: pipe error: 109: file z:/build/build/src/ipc/chromium/src/chrome/common/ipc_channel_win.cc, line 327
[Child 8
###!!! [Child][RunMessage] Error: Channel closing: too late to send/recv, messages will be lost

[GPU 6076,
###!!! [Child][MessageChannel::SendAndWait] Error: Channel error: cannot send/recv

1545011328766	mozrunner::runner	INFO	Running command: "C:\\Program Files\\Firefox Developer Edition\\firefox.exe" "-marionette" "-foreground" "-no-remote" "-profile" "C:\\Users\\GENTLE~1\\AppData\\Local\\Temp\\rust_mozprofile.lloOQeljAJRn"
1545011329807	addons.webextension.screenshots@mozilla.org	WARN	Loading extension 'screenshots@mozilla.org': Reading manifest: Invalid host permission: resource://pdf.js/
1545011329808	addons.webextension.screenshots@mozilla.org	WARN	Loading extension 'screenshots@mozilla.org': Reading manifest: Invalid host permission: about:reader*
WARN: compileToBinary(235): 
C:\fakepath(196,14-129): warning X3571: pow(f, e) will not work for negative f, use abs(f) or conditionally handle negative values if you expect them
C:\fakepath(202,58-112): warning X3571: pow(f, e) will not work for negative f, use abs(f) or conditionally handle negative values if you expect them

1545011333328	Marionette	INFO	Listening on port 50101
1545011333694	Marionette	WARN	TLS certificate errors will be ignored for this session
1545011335160	Marionette	INFO	Stopped listening on port 50101
JavaScript error: jar:file:///C:/Program%20Files/Firefox%20Developer%20Edition/omni.ja!/components/nsUrlClassifierListManager.js, line 597: TypeError: this.tablesData[table] is undefined
[Child 12776, Chrome_ChildThread] WARNING: pipe error: 109: file z:/build/build/src/ipc/chromium/src/chrome/common/ipc_channel_win.cc, line 327
[Child 12776, Chrome_ChildThread] WARNING: pipe error: 109: file z:/build/build/src/ipc/chromium/src/chrome/common/ipc_channel_win.cc, line 327
[Child 1660, Chrome_ChildThread] WARNING: pipe error: 109: file z:/build/build/src/ipc/chromium/src/chrome/common/ipc_channel_win.cc, line 327
[Child 166[Parent 1120, Gecko_IOThread] WARNING: pipe error: 109: file z:/build/build/src/ipc/chromium/src/chrome/common/ipc_channel_win.cc, line 327

###!!! [Child][RunMessage] Error: Channel closing: too late to send/recv, messages will be lost

[GPU 338
###!!! [Child][MessageChannel::SendAndWait] Error: Channel error: cannot send/recv

1545011660488	mozrunner::runner	INFO	Running command: "C:\\Program Files\\Firefox Developer Edition\\firefox.exe" "-marionette" "-foreground" "-no-remote" "-profile" "C:\\Users\\GENTLE~1\\AppData\\Local\\Temp\\rust_mozprofile.Ovdq6ekJRbCF"
1545011661506	addons.webextension.screenshots@mozilla.org	WARN	Loading extension 'screenshots@mozilla.org': Reading manifest: Invalid host permission: resource://pdf.js/
1545011661507	addons.webextension.screenshots@mozilla.org	WARN	Loading extension 'screenshots@mozilla.org': Reading manifest: Invalid host permission: about:reader*
WARN: compileToBinary(235): 
C:\fakepath(196,14-129): warning X3571: pow(f, e) will not work for negative f, use abs(f) or conditionally handle negative values if you expect them
C:\fakepath(202,58-112): warning X3571: pow(f, e) will not work for negative f, use abs(f) or conditionally handle negative values if you expect them

1545011664874	Marionette	INFO	Listening on port 50225
1545011664927	Marionette	WARN	TLS certificate errors will be ignored for this session
1545011666382	Marionette	INFO	Stopped listening on port 50225
JavaScript error: jar:file:///C:/Program%20Files/Firefox%20Developer%20Edition/omni.ja!/components/nsUrlClassifierListManager.js, line 597: TypeError: this.tablesData[table] is undefined
[Parent 13596, Gecko_IOThread] WARNING: pipe error: 109: file z:/build/build/src/ipc/chromium/src/chrome/common/ipc_channel_win.cc, line 327
[Child 5212, Chrome_ChildThread] WARNING: pipe error: 109: file z:/build/build/src/ipc/chromium/src/chrome/common/ipc_channel_win.cc, line 327
[Child 5212, Chrome_ChildThread] WARNING: pipe error: 109: file z:/build/build/src/ipc/chromium/src/chrome/common/ipc_channel_win.cc[Child 14356, Chrome_ChildThread] WARNING: pipe error: 109: file z:/build/build/src/ipc/chromium/src/chrome/common/ipc_channel_win.cc, line 327
[Child 14356, Chrome_ChildThread] WARNING: pipe error: 109: file z:/build/build/src/ipc/chromium/src/chrome[Parent 13596, Gecko_IOThread] WARNING: pipe error: 109: file z:/build/build/src/ipc/chromium/src/chrome/common/ipc_channel_win.cc, line 327
[Child 9244, Chrome_ChildThread] WARNING: pipe error: 109: file z:/build/build/src/ipc/chromium/src/chrome/common/ipc_channel_win.cc, line 327
[Child 9244, Ch
###!!! [Child][RunMessage] Error: Channel closing: too late to send/recv, messages will be lost

[GPU 9048, 
###!!! [Child][MessageChannel::SendAndWait] Error: Channel error: cannot send/recv

1545011720416	mozrunner::runner	INFO	Running command: "C:\\Program Files\\Firefox Developer Edition\\firefox.exe" "-marionette" "-foreground" "-no-remote" "-profile" "C:\\Users\\GENTLE~1\\AppData\\Local\\Temp\\rust_mozprofile.37an2xUVeDYw"
1545011721382	addons.webextension.screenshots@mozilla.org	WARN	Loading extension 'screenshots@mozilla.org': Reading manifest: Invalid host permission: resource://pdf.js/
1545011721382	addons.webextension.screenshots@mozilla.org	WARN	Loading extension 'screenshots@mozilla.org': Reading manifest: Invalid host permission: about:reader*
WARN: compileToBinary(235): 
C:\fakepath(196,14-129): warning X3571: pow(f, e) will not work for negative f, use abs(f) or conditionally handle negative values if you expect them
C:\fakepath(202,58-112): warning X3571: pow(f, e) will not work for negative f, use abs(f) or conditionally handle negative values if you expect them

1545011724881	Marionette	INFO	Listening on port 50271
1545011725341	Marionette	WARN	TLS certificate errors will be ignored for this session
1545011726817	Marionette	INFO	Stopped listening on port 50271
[Child 14716, Chrome_ChildThread] WARNING: pipe error: 109: file z:/build/build/src/ipc/chromium/src/chrome/common/ipc_channel_win.cc, line 327[Child 13592, Chrome_ChildThread] WARNING: pipe error: 109: file z:/build/b
uild/s[Child 14716, Chrome_ChildThread] rWARNINc/ipc/chromium/src/chrome/common/ipc_channel_win.cc, line 327
[Child 13592, Chrom
###!!! [Child][RunMessage] Error: Channel closing: too late to send/recv, messages will be lost

[GPU 1
###!!! [Child][MessageChannel::SendAndWait] Error: Channel error: cannot send/recv

1545011780740	mozrunner::runner	INFO	Running command: "C:\\Program Files\\Firefox Developer Edition\\firefox.exe" "-marionette" "-foreground" "-no-remote" "-profile" "C:\\Users\\GENTLE~1\\AppData\\Local\\Temp\\rust_mozprofile.64yqZL4Fxcb0"
1545011781709	addons.webextension.screenshots@mozilla.org	WARN	Loading extension 'screenshots@mozilla.org': Reading manifest: Invalid host permission: resource://pdf.js/
1545011781709	addons.webextension.screenshots@mozilla.org	WARN	Loading extension 'screenshots@mozilla.org': Reading manifest: Invalid host permission: about:reader*
WARN: compileToBinary(235): 
C:\fakepath(196,14-129): warning X3571: pow(f, e) will not work for negative f, use abs(f) or conditionally handle negative values if you expect them
C:\fakepath(202,58-112): warning X3571: pow(f, e) will not work for negative f, use abs(f) or conditionally handle negative values if you expect them

1545011784773	Marionette	INFO	Listening on port 50340
1545011785070	Marionette	WARN	TLS certificate errors will be ignored for this session
1545011785521	Marionette	INFO	Stopped listening on port 50340
[Child 9020, Chrome_ChildThread] WARNING: pipe error: 109: file z:/build/build/src/ipc/chromium/src/chrome/common/ipc_channel_win.cc, line 327
[Child 9020[Child 14356, Chrome_ChildThread] WARNING: pipe error: 109: file z:/build/build/src/ipc/chromium/src/chrome/common/ipc_channel_win.cc, line 327
[Child 14[Child 9660, Chrome_ChildThread] WARNING: pipe error: 109: file z:/build/build/src/ipc/chromium/src/chrome/common/ipc_channel_win.cc, line 327
[Child 96
###!!! [Child][RunMessage] Error: Channel closing: too late to send/recv, messages will be lost

[GPU 3216, 
###!!! [Child][MessageChannel::SendAndWait] Error: Channel error: cannot send/recv

1545011828320	mozrunner::runner	INFO	Running command: "C:\\Program Files\\Firefox Developer Edition\\firefox.exe" "-marionette" "-foreground" "-no-remote" "-profile" "C:\\Users\\GENTLE~1\\AppData\\Local\\Temp\\rust_mozprofile.PQbcrcuMaXeo"
1545011828941	addons.webextension.screenshots@mozilla.org	WARN	Loading extension 'screenshots@mozilla.org': Reading manifest: Invalid host permission: resource://pdf.js/
1545011828941	addons.webextension.screenshots@mozilla.org	WARN	Loading extension 'screenshots@mozilla.org': Reading manifest: Invalid host permission: about:reader*
WARN: compileToBinary(235): 
C:\fakepath(196,14-129): warning X3571: pow(f, e) will not work for negative f, use abs(f) or conditionally handle negative values if you expect them
C:\fakepath(202,58-112): warning X3571: pow(f, e) will not work for negative f, use abs(f) or conditionally handle negative values if you expect them

[Child 13804, Chrome_ChildThread] WARNING: pipe error: 109: file z:/build/build/src/ipc/chromium/src/chrome/common/ipc_channel_win.cc, line 327
[Child 13804, Chrome_ChildThr1545011832114	Marionette	INFO	Listening on port 50388
1545011832151	Marionette	WARN	TLS certificate errors will be ignored for this session
1545011832709	Marionette	INFO	Stopped listening on port 50388
[Child 13932, Chrome_ChildThread] WARNING: pipe error: 109: file z:/build/build/src/ipc/chromium/src/chrome/common/ipc_channel_win.cc, line 327
[Child 139[Child 14796, Chrome_ChildThread] WARNING: pipe error: 109: file z:/build/build/src/ipc/chromium/src/chrome/common/ipc_channel_win.cc, line 327
[Child 147
###!!! [Child][RunMessage] Error: Channel closing: too late to send/recv, messages will be lost

[GPU 1403
###!!! [Child][MessageChannel::SendAndWait] Error: Channel error: cannot send/recv

1545012153876	mozrunner::runner	INFO	Running command: "C:\\Program Files\\Firefox Developer Edition\\firefox.exe" "-marionette" "-foreground" "-no-remote" "-profile" "C:\\Users\\GENTLE~1\\AppData\\Local\\Temp\\rust_mozprofile.e25fjXpNVM7W"
1545012154776	addons.webextension.screenshots@mozilla.org	WARN	Loading extension 'screenshots@mozilla.org': Reading manifest: Invalid host permission: resource://pdf.js/
1545012154776	addons.webextension.screenshots@mozilla.org	WARN	Loading extension 'screenshots@mozilla.org': Reading manifest: Invalid host permission: about:reader*
WARN: compileToBinary(235): 
C:\fakepath(196,14-129): warning X3571: pow(f, e) will not work for negative f, use abs(f) or conditionally handle negative values if you expect them
C:\fakepath(202,58-112): warning X3571: pow(f, e) will not work for negative f, use abs(f) or conditionally handle negative values if you expect them

[Child 4376, Chrome_ChildThread] WARNING: pipe error: 109: file z:/build/build/src/ipc/chromium/src/chrome/common/ipc_channel_win.cc, line 327
[Child 4376, Chrome_Child1545012157967	Marionette	INFO	Listening on port 50450
1545012158199	Marionette	WARN	TLS certificate errors will be ignored for this session
1545012158687	Marionette	INFO	Stopped listening on port 50450
[Parent 12376, Gecko_IOThread] WARNING: pipe error: 109: file z:/build/build/src/ipc/chromium/src/chrome/common/ipc_channel_win.cc, line 327
[Child 6260, Chrome_ChildThread] WARNING: pipe error: 109: file z:/build/build/src/ipc/chromium/src/chrome/common/ipc_channel_win.cc, line 327[Child 4948, Chrome_ChildThread] WARNING: pipe error: 109: file z:/build/build/src/ipc/ch
romium[Child 6260, Chrome_Chi/src/chrome/common/ipc_channel_win.cc, line 327
[Child 4948, C[Parent 12376, Gecko_IOThread] WARNING: pipe error: 109: file z:/build/build/src/ipc/chromium/src/chrome/common/ipc_channel_win.cc, line 327

###!!! [Child][RunMessage] Error: Channel closing: too late to send/recv, messages will be lost

[GPU 1212
###!!! [Child][MessageChannel::SendAndWait] Error: Channel error: cannot send/recv

1545012230341	mozrunner::runner	INFO	Running command: "C:\\Program Files\\Firefox Developer Edition\\firefox.exe" "-marionette" "-foreground" "-no-remote" "-profile" "C:\\Users\\GENTLE~1\\AppData\\Local\\Temp\\rust_mozprofile.w7AjP4gSxA4R"
1545012231067	addons.webextension.screenshots@mozilla.org	WARN	Loading extension 'screenshots@mozilla.org': Reading manifest: Invalid host permission: resource://pdf.js/
1545012231067	addons.webextension.screenshots@mozilla.org	WARN	Loading extension 'screenshots@mozilla.org': Reading manifest: Invalid host permission: about:reader*
WARN: compileToBinary(235): 
C:\fakepath(196,14-129): warning X3571: pow(f, e) will not work for negative f, use abs(f) or conditionally handle negative values if you expect them
C:\fakepath(202,58-112): warning X3571: pow(f, e) will not work for negative f, use abs(f) or conditionally handle negative values if you expect them

[Child 12440, Chrome_ChildThread] WARNING: pipe error: 109: file z:/build/build/src/ipc/chromium/src/chrome/common/ipc_channel_win.cc, line 327
[Child 12441545012234131	Marionette	INFO	Listening on port 50489
1545012234173	Marionette	WARN	TLS certificate errors will be ignored for this session
1545012234781	Marionette	INFO	Stopped listening on port 50489
[Child 13468, Chrome_ChildThread] WARNING: pipe error: 109: file z:/build/build/src/ipc/chromium/src/chrome/common/ipc_channel_win.cc, line 327
[Child 13468, Chrome_ChildThread] WARNING: pipe error: 109: file z:/build/build/src/ipc/chromium/src/chrome/common/ipc_channel_win.cc, line 327
[Child 2784, Chrome_ChildThread] WARNING: pipe error: 109: file z:/build/build/src/ipc/chromium/src/chrome/common/ipc_channel_win.cc, line 327
[Child 278[Parent 7360, Gecko_IOThread] WARNING: pipe error: 109: file z:/build/build/src/ipc/chromium/src/chrome/common/ipc_channel_win.cc, line 327
[Child 14840, Chrome_ChildThread] WARNING: pipe error: 109: file z:/build/build/src/ipc/chromium/src/chrome/common/ipc_channel_win.cc, line 327
[Child 14840
###!!! [Child][RunMessage] Error: Channel closing: too late to send/recv, messages will be lost

[GPU 15004,
###!!! [Child][MessageChannel::SendAndWait] Error: Channel error: cannot send/recv

1545012337690	mozrunner::runner	INFO	Running command: "C:\\Program Files\\Firefox Developer Edition\\firefox.exe" "-marionette" "-foreground" "-no-remote" "-profile" "C:\\Users\\GENTLE~1\\AppData\\Local\\Temp\\rust_mozprofile.Iv383kqegqj6"
1545012338510	addons.webextension.screenshots@mozilla.org	WARN	Loading extension 'screenshots@mozilla.org': Reading manifest: Invalid host permission: resource://pdf.js/
1545012338510	addons.webextension.screenshots@mozilla.org	WARN	Loading extension 'screenshots@mozilla.org': Reading manifest: Invalid host permission: about:reader*
WARN: compileToBinary(235): 
C:\fakepath(196,14-129): warning X3571: pow(f, e) will not work for negative f, use abs(f) or conditionally handle negative values if you expect them
C:\fakepath(202,58-112): warning X3571: pow(f, e) will not work for negative f, use abs(f) or conditionally handle negative values if you expect them

1545012341865	Marionette	INFO	Listening on port 50544
1545012342024	Marionette	WARN	TLS certificate errors will be ignored for this session
1545012343591	Marionette	INFO	Stopped listening on port 50544
JavaScript error: jar:file:///C:/Program%20Files/Firefox%20Developer%20Edition/omni.ja!/components/nsUrlClassifierListManager.js, line 597: TypeError: this.tablesData[table] is undefined
[Child 11996, Chrome_ChildThread] WARNING: pipe error: 109: file z:/build/build/src/ipc/chromium/src/chrome/common/ipc_channel_win.cc, line 327[Child
 7456, Chrome_ChildThread] WARNING: pipe error: 109: file z:/build/build/src/ipc/chromium/src/chrome/common/ipc_channel_win.cc, line 327
[Child 7[Parent 6096, Gecko_IOThread] WARNING: pipe error: 109: file z:/build/build/src/ipc/chromium/src/chrome/common/ipc_channel_win.cc, line 327

###!!! [Child][RunMessage] Error: Channel closing: too late to send/recv, messages will be lost

[GPU 904, Chrome_Chi
###!!! [Child][MessageChannel::SendAndWait] Error: Channel error: cannot send/recv

1545012359585	mozrunner::runner	INFO	Running command: "C:\\Program Files\\Firefox Developer Edition\\firefox.exe" "-marionette" "-foreground" "-no-remote" "-profile" "C:\\Users\\GENTLE~1\\AppData\\Local\\Temp\\rust_mozprofile.iwMfByPeCQZD"
1545012360526	addons.webextension.screenshots@mozilla.org	WARN	Loading extension 'screenshots@mozilla.org': Reading manifest: Invalid host permission: resource://pdf.js/
1545012360526	addons.webextension.screenshots@mozilla.org	WARN	Loading extension 'screenshots@mozilla.org': Reading manifest: Invalid host permission: about:reader*
WARN: compileToBinary(235): 
C:\fakepath(196,14-129): warning X3571: pow(f, e) will not work for negative f, use abs(f) or conditionally handle negative values if you expect them
C:\fakepath(202,58-112): warning X3571: pow(f, e) will not work for negative f, use abs(f) or conditionally handle negative values if you expect them

1545012364061	Marionette	INFO	Listening on port 50585
1545012364508	Marionette	WARN	TLS certificate errors will be ignored for this session
1545012366046	Marionette	INFO	Stopped listening on port 50585
[Child 7208, Chrome_ChildThread] WARNING: pipe error: 109: file z:/build/build/src/ipc/chromium/src/chrome/common/ipc_channel_win.cc, line 327
[Child 7208, Chrome_ChildThread] WARNING: pipe error: 109: file z:/build/build/src/ipc/chromium/src/chr[Child 12720, Chrome_ChildThread] WARNING: pipe error: 109: file z:/build/build/src/ipc/chromium/src/chrome/common/ipc_channel_win.cc, line 327
[Child 127[Parent 4704, Gecko_IOThread] WARNING: pipe error: 109: file z:/build/build/src/ipc/chromium/src/chrome/common/ipc_channel_win.cc, line 327
[Child 14960, Chrome_ChildThread] WARNING: pipe error: 109: file z:/build/build/src/ipc/chromium/src/chrome/common/ipc_channel_win.cc, line 327
[Child 14960, Chrome_ChildThread] WARNING: pipe error: 109: file z:/build/build/src/i
###!!! [Child][RunMessage] Error: Channel closing: too late to send/recv, messages will be lost

[GPU 8788
###!!! [Child][MessageChannel::SendAndWait] Error: Channel error: cannot send/recv

1545012376252	mozrunner::runner	INFO	Running command: "C:\\Program Files\\Firefox Developer Edition\\firefox.exe" "-marionette" "-foreground" "-no-remote" "-profile" "C:\\Users\\GENTLE~1\\AppData\\Local\\Temp\\rust_mozprofile.AgpJb7UCgiV0"
1545012377236	addons.webextension.screenshots@mozilla.org	WARN	Loading extension 'screenshots@mozilla.org': Reading manifest: Invalid host permission: resource://pdf.js/
1545012377236	addons.webextension.screenshots@mozilla.org	WARN	Loading extension 'screenshots@mozilla.org': Reading manifest: Invalid host permission: about:reader*
WARN: compileToBinary(235): 
C:\fakepath(196,14-129): warning X3571: pow(f, e) will not work for negative f, use abs(f) or conditionally handle negative values if you expect them
C:\fakepath(202,58-112): warning X3571: pow(f, e) will not work for negative f, use abs(f) or conditionally handle negative values if you expect them

[Parent 8456, Gecko_IOThread] WARNING: pipe error: 109: file z:/build/build/src/ipc/chromium/src/chrome/common/ipc_channel_win.cc, line 327
[Child 14640, Chrome_ChildThread] WARNING: pipe error: 109: file z:/build/build/src/ipc/chromium/src/chrome/common/ipc_channel_win.cc, line 327
[Child 146401545012380355	Marionette	INFO	Listening on port 50627
1545012380579	Marionette	WARN	TLS certificate errors will be ignored for this session
1545012382147	Marionette	INFO	Stopped listening on port 50627
JavaScript error: jar:file:///C:/Program%20Files/Firefox%20Developer%20Edition/omni.ja!/components/nsUrlClassifierListManager.js, line 597: TypeError: this.tablesData[table] is undefined
[Parent 8456, Gecko_IOThread] WARNING: pipe error: 109: file z:/build/build/src/ipc/chromium/src/chrome/common/ipc_channel_win.cc, line 327
[Parent 8456, Gecko_IOThread] WARNING: pipe error: 109: file z:/build/build/src/ipc/chromium/src/chrome/common/ipc_channel_win.cc, line 327
[Child 9228, Chrome_ChildThread] WARNING: pipe error: 109: file z:/build[/Child 8272, Chrome_ChildThread] WARNING: pipe builderror: 109: file z:/build/build/src/ipc/chromium/src/chrome/common/ipc_channel_win.cc, line 327/
src/ipc/chromium/src/chrome/common/ipc_channel_win.cc, line 327
[Child 9
###!!! [Child][RunMessage] Error: Channel closing: too late to send/recv, messages will be lost

[GPU 13668, Chrome
###!!! [Child][MessageChannel::SendAndWait] Error: Channel error: cannot send/recv

1545046669058	mozrunner::runner	INFO	Running command: "C:\\Program Files\\Firefox Developer Edition\\firefox.exe" "-marionette" "-foreground" "-no-remote" "-profile" "C:\\Users\\GENTLE~1\\AppData\\Local\\Temp\\rust_mozprofile.LjaJtKvXU9lz"
1545046670093	addons.webextension.screenshots@mozilla.org	WARN	Loading extension 'screenshots@mozilla.org': Reading manifest: Invalid host permission: resource://pdf.js/
1545046670093	addons.webextension.screenshots@mozilla.org	WARN	Loading extension 'screenshots@mozilla.org': Reading manifest: Invalid host permission: about:reader*
WARN: compileToBinary(235): 
C:\fakepath(196,14-129): warning X3571: pow(f, e) will not work for negative f, use abs(f) or conditionally handle negative values if you expect them
C:\fakepath(202,58-112): warning X3571: pow(f, e) will not work for negative f, use abs(f) or conditionally handle negative values if you expect them

1545046673621	Marionette	INFO	Listening on port 51885
1545046673993	Marionette	WARN	TLS certificate errors will be ignored for this session
1545046675618	Marionette	INFO	Stopped listening on port 51885
[Parent 5892, Gecko_IOThread] WARNING: pipe error: 109: file z:/build/build/src/ipc/chromium/src/chrome/common/ipc_channel_win.cc, line 327
[Child 5212, Chrome_ChildThread] WARNING: pipe error: 109: file z:/build/build/src/ipc/chromium/src/chrome/common/ipc_channel_win.cc, line 327
[Child 52[Parent 5892, Gecko_IOThread] WARNING: pipe error: 109: file z:/build/build/src/ipc/chromium/src/chrome/common/ipc_channel_win.cc, line 327

###!!! [Child][RunMessage] Error: Channel closing: too late to send/recv, messages will be lost

[GPU 9280,
###!!! [Child][MessageChannel::SendAndWait] Error: Channel error: cannot send/recv

1545046713671	mozrunner::runner	INFO	Running command: "C:\\Program Files\\Firefox Developer Edition\\firefox.exe" "-marionette" "-foreground" "-no-remote" "-profile" "C:\\Users\\GENTLE~1\\AppData\\Local\\Temp\\rust_mozprofile.9x8kjIYTyrTj"
1545046714610	addons.webextension.screenshots@mozilla.org	WARN	Loading extension 'screenshots@mozilla.org': Reading manifest: Invalid host permission: resource://pdf.js/
1545046714610	addons.webextension.screenshots@mozilla.org	WARN	Loading extension 'screenshots@mozilla.org': Reading manifest: Invalid host permission: about:reader*
WARN: compileToBinary(235): 
C:\fakepath(196,14-129): warning X3571: pow(f, e) will not work for negative f, use abs(f) or conditionally handle negative values if you expect them
C:\fakepath(202,58-112): warning X3571: pow(f, e) will not work for negative f, use abs(f) or conditionally handle negative values if you expect them

[Child 13856, Chrome_ChildThread] WARNING: pipe error: 109: file z:/build/build/src/ipc/chromium/src/chrome/common/ipc_channel_win.cc, line 327
[Child 13856, Ch1545046717717	Marionette	INFO	Listening on port 51927
1545046718011	Marionette	WARN	TLS certificate errors will be ignored for this session
1545046719574	Marionette	INFO	Stopped listening on port 51927
[Child 12480, Chrome_ChildThread] WARNING: pipe error: 109: file z:/build/build/src/ipc/chromium/src/chrome/common/ipc_channel_win.cc, line 327
[Child 12480, Chrome_[Parent 11684, Gecko_IOThread] WARNING: pipe error: 109: file z:/build/build/src/ipc/chromium/src/chrome/common/ipc_channel_win.cc, line 327
[Child 11068, Chrome_ChildThread] WARNING: pipe error: 109: file z:/build/build/src/ipc/chromium/src/chrome/common/ipc_channel_win.cc, line 327
[Child 1106[GPU 1
###!!! [Child][RunMessage] Error: Channel closing: too late to send/recv, messages will be lost


###!!! [Child][MessageChannel::SendAndWait] Error: Channel error: cannot send/recv

